0 info it worked if it ends with ok
1 verbose cli [ '/Users/siddhantbagga/.nvm/versions/node/v6.8.1/bin/node',
1 verbose cli   '/Users/siddhantbagga/.nvm/versions/node/v6.8.1/bin/npm',
1 verbose cli   'start' ]
2 info using npm@3.10.8
3 info using node@v6.8.1
4 verbose run-script [ 'prestart', 'start', 'poststart' ]
5 info lifecycle task-manager@1.0.0~prestart: task-manager@1.0.0
6 silly lifecycle task-manager@1.0.0~prestart: no script for prestart, continuing
7 info lifecycle task-manager@1.0.0~start: task-manager@1.0.0
8 verbose lifecycle task-manager@1.0.0~start: unsafe-perm in lifecycle true
9 verbose lifecycle task-manager@1.0.0~start: PATH: /Users/siddhantbagga/.nvm/versions/node/v6.8.1/lib/node_modules/npm/bin/node-gyp-bin:/Users/siddhantbagga/Desktop/task-manager/node_modules/.bin:/Users/siddhantbagga/.nvm/versions/node/v6.8.1/bin:/Users/siddhantbagga/.nvm/versions/node/v8.10.0/bin:/Users/siddhantbagga/.nvm/versions/node/v6.8.1/bin:/Library/Frameworks/Python.framework/Versions/3.7/bin:/usr/local/bin:/usr/bin:/bin:/usr/sbin:/sbin:/Users/siddhantbagga/.nvm/versions/node/v6.8.1/bin:/Library/Frameworks/Python.framework/Versions/3.7/bin:/usr/local/mongodb/bin:/usr/local/mongodb/bin
10 verbose lifecycle task-manager@1.0.0~start: CWD: /Users/siddhantbagga/Desktop/task-manager
11 silly lifecycle task-manager@1.0.0~start: Args: [ '-c', 'node src/index.js' ]
12 silly lifecycle task-manager@1.0.0~start: Returned: code: 1  signal: null
13 info lifecycle task-manager@1.0.0~start: Failed to exec start script
14 verbose stack Error: task-manager@1.0.0 start: `node src/index.js`
14 verbose stack Exit status 1
14 verbose stack     at EventEmitter.<anonymous> (/Users/siddhantbagga/.nvm/versions/node/v6.8.1/lib/node_modules/npm/lib/utils/lifecycle.js:255:16)
14 verbose stack     at emitTwo (events.js:106:13)
14 verbose stack     at EventEmitter.emit (events.js:191:7)
14 verbose stack     at ChildProcess.<anonymous> (/Users/siddhantbagga/.nvm/versions/node/v6.8.1/lib/node_modules/npm/lib/utils/spawn.js:40:14)
14 verbose stack     at emitTwo (events.js:106:13)
14 verbose stack     at ChildProcess.emit (events.js:191:7)
14 verbose stack     at maybeClose (internal/child_process.js:877:16)
14 verbose stack     at Process.ChildProcess._handle.onexit (internal/child_process.js:226:5)
15 verbose pkgid task-manager@1.0.0
16 verbose cwd /Users/siddhantbagga/Desktop/task-manager
17 error Darwin 18.5.0
18 error argv "/Users/siddhantbagga/.nvm/versions/node/v6.8.1/bin/node" "/Users/siddhantbagga/.nvm/versions/node/v6.8.1/bin/npm" "start"
19 error node v6.8.1
20 error npm  v3.10.8
21 error code ELIFECYCLE
22 error task-manager@1.0.0 start: `node src/index.js`
22 error Exit status 1
23 error Failed at the task-manager@1.0.0 start script 'node src/index.js'.
23 error Make sure you have the latest version of node.js and npm installed.
23 error If you do, this is most likely a problem with the task-manager package,
23 error not with npm itself.
23 error Tell the author that this fails on your system:
23 error     node src/index.js
23 error You can get information on how to open an issue for this project with:
23 error     npm bugs task-manager
23 error Or if that isn't available, you can get their info via:
23 error     npm owner ls task-manager
23 error There is likely additional logging output above.
24 verbose exit [ 1, true ]
